<?xml version="1.0" encoding="UTF-8"?>
<!-- Generated by org.testng.reporters.JUnitReportReporter -->
<testsuite skipped="0" hostname="JAVED" name="TestPackage.QaQuestion" tests="1" failures="0" timestamp="2020-07-25T11:36:54 EDT" time="15.853" errors="0">
  <testcase name="QaQuestionAutomation" time="15.853" classname="TestPackage.QaQuestion"/>
</testsuite> <!-- TestPackage.QaQuestion -->
