<?xml version="1.0" encoding="UTF-8"?>
<!-- Generated by org.testng.reporters.JUnitReportReporter -->
<testsuite skipped="0" hostname="JAVED" name="TestPackage.GoogleClass" tests="1" failures="0" timestamp="2020-07-25T11:36:54 EDT" time="3.861" errors="0">
  <testcase name="Google" time="3.861" classname="TestPackage.GoogleClass"/>
</testsuite> <!-- TestPackage.GoogleClass -->
