<?xml version="1.0" encoding="UTF-8"?>
<!-- Generated by org.testng.reporters.JUnitReportReporter -->
<testsuite hostname="JAVED" name="TestPackage.NewTest" tests="1" failures="0" timestamp="17 Mar 2019 19:18:51 GMT" time="5.140" errors="0">
  <testcase name="MyTest" time="5.140" classname="TestPackage.NewTest"/>
</testsuite> <!-- TestPackage.NewTest -->
