<?xml version="1.0" encoding="UTF-8"?>
<!-- Generated by org.testng.reporters.JUnitReportReporter -->
<testsuite hostname="JAVED" name="TestPackage.QaQuestion" tests="1" failures="0" timestamp="25 Jul 2020 15:38:06 GMT" time="15.800" errors="0">
  <testcase name="QaQuestionAutomation" time="15.800" classname="TestPackage.QaQuestion"/>
</testsuite> <!-- TestPackage.QaQuestion -->
