<?xml version="1.0" encoding="UTF-8"?>
<!-- Generated by org.testng.reporters.JUnitReportReporter -->
<testsuite hostname="JAVED" name="TestPackage.GoogleClass" tests="1" failures="0" timestamp="25 Jul 2020 15:38:06 GMT" time="1.880" errors="0">
  <testcase name="Google" time="1.880" classname="TestPackage.GoogleClass"/>
</testsuite> <!-- TestPackage.GoogleClass -->
